{"C:\\Users\\thais\\Desktop\\Pastas\\maguinho-udemy\\api-forms\\src\\data\\usecases\\add-account\\db-add-account-protocols.ts": {"path":"C:\\Users\\thais\\Desktop\\Pastas\\maguinho-udemy\\api-forms\\src\\data\\usecases\\add-account\\db-add-account-protocols.ts","statementMap":{"0":{"start":{"line":1,"column":0},"end":{"line":1,"column":46}},"1":{"start":{"line":2,"column":0},"end":{"line":2,"column":52}},"2":{"start":{"line":3,"column":0},"end":{"line":3,"column":51}},"3":{"start":{"line":4,"column":0},"end":{"line":4,"column":65}}},"fnMap":{},"branchMap":{},"s":{"0":0,"1":0,"2":0,"3":0},"f":{},"b":{}}
,"C:\\Users\\thais\\Desktop\\Pastas\\maguinho-udemy\\api-forms\\src\\data\\usecases\\add-account\\db-add-account.ts": {"path":"C:\\Users\\thais\\Desktop\\Pastas\\maguinho-udemy\\api-forms\\src\\data\\usecases\\add-account\\db-add-account.ts","statementMap":{"0":{"start":{"line":5,"column":21},"end":{"line":5,"column":35}},"1":{"start":{"line":6,"column":21},"end":{"line":6,"column":63}},"2":{"start":{"line":10,"column":25},"end":{"line":10,"column":65}},"3":{"start":{"line":11,"column":4},"end":{"line":14,"column":null}},"4":{"start":{"line":3,"column":0},"end":{"line":3,"column":13}}},"fnMap":{"0":{"name":"(anonymous_0)","decl":{"start":{"line":4,"column":2},"end":{"line":4,"column":null}},"loc":{"start":{"line":6,"column":63},"end":{"line":7,"column":7}}},"1":{"name":"(anonymous_1)","decl":{"start":{"line":9,"column":2},"end":{"line":9,"column":7}},"loc":{"start":{"line":9,"column":37},"end":{"line":15,"column":3}}}},"branchMap":{},"s":{"0":9,"1":9,"2":6,"3":5,"4":5},"f":{"0":9,"1":6},"b":{}}
,"C:\\Users\\thais\\Desktop\\Pastas\\maguinho-udemy\\api-forms\\src\\data\\usecases\\authentication\\db-authenticate-protocols.ts": {"path":"C:\\Users\\thais\\Desktop\\Pastas\\maguinho-udemy\\api-forms\\src\\data\\usecases\\authentication\\db-authenticate-protocols.ts","statementMap":{"0":{"start":{"line":1,"column":0},"end":{"line":1,"column":51}},"1":{"start":{"line":2,"column":0},"end":{"line":2,"column":65}},"2":{"start":{"line":3,"column":0},"end":{"line":3,"column":54}},"3":{"start":{"line":4,"column":0},"end":{"line":4,"column":75}},"4":{"start":{"line":5,"column":0},"end":{"line":5,"column":73}},"5":{"start":{"line":6,"column":0},"end":{"line":6,"column":57}},"6":{"start":{"line":7,"column":0},"end":{"line":7,"column":55}},"7":{"start":{"line":8,"column":0},"end":{"line":8,"column":55}}},"fnMap":{},"branchMap":{},"s":{"0":0,"1":0,"2":0,"3":0,"4":0,"5":0,"6":0,"7":0},"f":{},"b":{}}
,"C:\\Users\\thais\\Desktop\\Pastas\\maguinho-udemy\\api-forms\\src\\data\\usecases\\authentication\\db-authentication.ts": {"path":"C:\\Users\\thais\\Desktop\\Pastas\\maguinho-udemy\\api-forms\\src\\data\\usecases\\authentication\\db-authentication.ts","statementMap":{"0":{"start":{"line":5,"column":21},"end":{"line":5,"column":79}},"1":{"start":{"line":6,"column":21},"end":{"line":6,"column":46}},"2":{"start":{"line":7,"column":21},"end":{"line":7,"column":41}},"3":{"start":{"line":8,"column":21},"end":{"line":8,"column":77}},"4":{"start":{"line":12,"column":20},"end":{"line":12,"column":93}},"5":{"start":{"line":13,"column":4},"end":{"line":20,"column":5}},"6":{"start":{"line":14,"column":32},"end":{"line":14,"column":105}},"7":{"start":{"line":15,"column":6},"end":{"line":19,"column":7}},"8":{"start":{"line":16,"column":22},"end":{"line":16,"column":62}},"9":{"start":{"line":17,"column":8},"end":{"line":17,"column":null}},"10":{"start":{"line":18,"column":8},"end":{"line":18,"column":null}},"11":{"start":{"line":21,"column":4},"end":{"line":21,"column":null}},"12":{"start":{"line":3,"column":0},"end":{"line":3,"column":13}}},"fnMap":{"0":{"name":"(anonymous_0)","decl":{"start":{"line":4,"column":2},"end":{"line":4,"column":null}},"loc":{"start":{"line":8,"column":77},"end":{"line":9,"column":6}}},"1":{"name":"(anonymous_1)","decl":{"start":{"line":11,"column":2},"end":{"line":11,"column":7}},"loc":{"start":{"line":11,"column":49},"end":{"line":22,"column":3}}}},"branchMap":{"0":{"loc":{"start":{"line":13,"column":4},"end":{"line":20,"column":5}},"type":"if","locations":[{"start":{"line":13,"column":4},"end":{"line":20,"column":5}}]},"1":{"loc":{"start":{"line":15,"column":6},"end":{"line":19,"column":7}},"type":"if","locations":[{"start":{"line":15,"column":6},"end":{"line":19,"column":7}}]}},"s":{"0":15,"1":15,"2":15,"3":15,"4":13,"5":12,"6":10,"7":9,"8":8,"9":7,"10":6,"11":3,"12":5},"f":{"0":15,"1":13},"b":{"0":[10],"1":[8]}}
,"C:\\Users\\thais\\Desktop\\Pastas\\maguinho-udemy\\api-forms\\src\\infra\\criptography\\bcrypt-adapter\\bcrypt-adapter.ts": {"path":"C:\\Users\\thais\\Desktop\\Pastas\\maguinho-udemy\\api-forms\\src\\infra\\criptography\\bcrypt-adapter\\bcrypt-adapter.ts","statementMap":{"0":{"start":{"line":3,"column":0},"end":{"line":3,"column":27}},"1":{"start":{"line":6,"column":32},"end":{"line":6,"column":44}},"2":{"start":{"line":9,"column":4},"end":{"line":9,"column":null}},"3":{"start":{"line":13,"column":4},"end":{"line":13,"column":null}},"4":{"start":{"line":5,"column":0},"end":{"line":5,"column":13}}},"fnMap":{"0":{"name":"(anonymous_1)","decl":{"start":{"line":6,"column":2},"end":{"line":6,"column":32}},"loc":{"start":{"line":6,"column":44},"end":{"line":6,"column":48}}},"1":{"name":"(anonymous_2)","decl":{"start":{"line":8,"column":2},"end":{"line":8,"column":7}},"loc":{"start":{"line":8,"column":27},"end":{"line":10,"column":3}}},"2":{"name":"(anonymous_3)","decl":{"start":{"line":12,"column":2},"end":{"line":12,"column":7}},"loc":{"start":{"line":12,"column":44},"end":{"line":14,"column":3}}}},"branchMap":{},"s":{"0":5,"1":14,"2":4,"3":4,"4":5},"f":{"0":14,"1":4,"2":4},"b":{}}
,"C:\\Users\\thais\\Desktop\\Pastas\\maguinho-udemy\\api-forms\\src\\infra\\criptography\\jwt-adapter\\jwt-adapter.ts": {"path":"C:\\Users\\thais\\Desktop\\Pastas\\maguinho-udemy\\api-forms\\src\\infra\\criptography\\jwt-adapter\\jwt-adapter.ts","statementMap":{"0":{"start":{"line":2,"column":0},"end":{"line":2,"column":30}},"1":{"start":{"line":5,"column":32},"end":{"line":5,"column":46}},"2":{"start":{"line":8,"column":18},"end":{"line":8,"column":54}},"3":{"start":{"line":9,"column":4},"end":{"line":9,"column":null}},"4":{"start":{"line":4,"column":0},"end":{"line":4,"column":13}}},"fnMap":{"0":{"name":"(anonymous_1)","decl":{"start":{"line":5,"column":2},"end":{"line":5,"column":32}},"loc":{"start":{"line":5,"column":46},"end":{"line":5,"column":50}}},"1":{"name":"(anonymous_2)","decl":{"start":{"line":7,"column":2},"end":{"line":7,"column":7}},"loc":{"start":{"line":7,"column":30},"end":{"line":10,"column":3}}}},"branchMap":{},"s":{"0":5,"1":7,"2":4,"3":4,"4":5},"f":{"0":7,"1":4},"b":{}}
,"C:\\Users\\thais\\Desktop\\Pastas\\maguinho-udemy\\api-forms\\src\\infra\\db\\mongodb\\account-repository\\account-mongo-repository.ts": {"path":"C:\\Users\\thais\\Desktop\\Pastas\\maguinho-udemy\\api-forms\\src\\infra\\db\\mongodb\\account-repository\\account-mongo-repository.ts","statementMap":{"0":{"start":{"line":6,"column":0},"end":{"line":6,"column":39}},"1":{"start":{"line":7,"column":0},"end":{"line":7,"column":52}},"2":{"start":{"line":8,"column":0},"end":{"line":8,"column":34}},"3":{"start":{"line":12,"column":30},"end":{"line":12,"column":73}},"4":{"start":{"line":13,"column":19},"end":{"line":13,"column":65}},"5":{"start":{"line":14,"column":4},"end":{"line":16,"column":5}},"6":{"start":{"line":15,"column":6},"end":{"line":15,"column":null}},"7":{"start":{"line":17,"column":4},"end":{"line":17,"column":null}},"8":{"start":{"line":21,"column":30},"end":{"line":21,"column":73}},"9":{"start":{"line":22,"column":20},"end":{"line":22,"column":62}},"10":{"start":{"line":23,"column":4},"end":{"line":23,"column":null}},"11":{"start":{"line":27,"column":30},"end":{"line":27,"column":73}},"12":{"start":{"line":28,"column":21},"end":{"line":28,"column":37}},"13":{"start":{"line":29,"column":4},"end":{"line":33,"column":null}},"14":{"start":{"line":10,"column":0},"end":{"line":10,"column":13}}},"fnMap":{"0":{"name":"(anonymous_0)","decl":{"start":{"line":11,"column":2},"end":{"line":11,"column":7}},"loc":{"start":{"line":11,"column":41},"end":{"line":18,"column":3}}},"1":{"name":"(anonymous_1)","decl":{"start":{"line":20,"column":2},"end":{"line":20,"column":7}},"loc":{"start":{"line":20,"column":34},"end":{"line":24,"column":3}}},"2":{"name":"(anonymous_2)","decl":{"start":{"line":26,"column":2},"end":{"line":26,"column":7}},"loc":{"start":{"line":26,"column":52},"end":{"line":34,"column":3}}}},"branchMap":{"0":{"loc":{"start":{"line":14,"column":4},"end":{"line":16,"column":5}},"type":"if","locations":[{"start":{"line":14,"column":4},"end":{"line":16,"column":5}}]},"1":{"loc":{"start":{"line":23,"column":11},"end":{"line":23,"column":46}},"type":"binary-expr","locations":[{"start":{"line":23,"column":11},"end":{"line":23,"column":18}},{"start":{"line":23,"column":22},"end":{"line":23,"column":46}}]}},"s":{"0":5,"1":5,"2":5,"3":2,"4":2,"5":2,"6":2,"7":0,"8":4,"9":4,"10":4,"11":2,"12":2,"13":2,"14":5},"f":{"0":2,"1":4,"2":2},"b":{"0":[2],"1":[4,2]}}
,"C:\\Users\\thais\\Desktop\\Pastas\\maguinho-udemy\\api-forms\\src\\infra\\db\\mongodb\\errors\\index.ts": {"path":"C:\\Users\\thais\\Desktop\\Pastas\\maguinho-udemy\\api-forms\\src\\infra\\db\\mongodb\\errors\\index.ts","statementMap":{"0":{"start":{"line":1,"column":0},"end":{"line":1,"column":30}},"1":{"start":{"line":2,"column":0},"end":{"line":2,"column":39}}},"fnMap":{},"branchMap":{},"s":{"0":7,"1":7},"f":{},"b":{}}
,"C:\\Users\\thais\\Desktop\\Pastas\\maguinho-udemy\\api-forms\\src\\infra\\db\\mongodb\\errors\\insert-error.ts": {"path":"C:\\Users\\thais\\Desktop\\Pastas\\maguinho-udemy\\api-forms\\src\\infra\\db\\mongodb\\errors\\insert-error.ts","statementMap":{"0":{"start":{"line":3,"column":4},"end":{"line":3,"column":null}},"1":{"start":{"line":4,"column":4},"end":{"line":4,"column":null}},"2":{"start":{"line":1,"column":0},"end":{"line":1,"column":13}}},"fnMap":{"0":{"name":"(anonymous_0)","decl":{"start":{"line":2,"column":2},"end":{"line":2,"column":null}},"loc":{"start":{"line":2,"column":2},"end":{"line":5,"column":3}}}},"branchMap":{},"s":{"0":0,"1":0,"2":7},"f":{"0":0},"b":{}}
,"C:\\Users\\thais\\Desktop\\Pastas\\maguinho-udemy\\api-forms\\src\\infra\\db\\mongodb\\errors\\no-mongodb-connection.ts": {"path":"C:\\Users\\thais\\Desktop\\Pastas\\maguinho-udemy\\api-forms\\src\\infra\\db\\mongodb\\errors\\no-mongodb-connection.ts","statementMap":{"0":{"start":{"line":3,"column":4},"end":{"line":3,"column":null}},"1":{"start":{"line":4,"column":4},"end":{"line":4,"column":null}},"2":{"start":{"line":1,"column":0},"end":{"line":1,"column":13}}},"fnMap":{"0":{"name":"(anonymous_0)","decl":{"start":{"line":2,"column":2},"end":{"line":2,"column":null}},"loc":{"start":{"line":2,"column":2},"end":{"line":5,"column":3}}}},"branchMap":{},"s":{"0":0,"1":0,"2":7},"f":{"0":0},"b":{}}
,"C:\\Users\\thais\\Desktop\\Pastas\\maguinho-udemy\\api-forms\\src\\infra\\db\\mongodb\\helpers\\mogo-helper.ts": {"path":"C:\\Users\\thais\\Desktop\\Pastas\\maguinho-udemy\\api-forms\\src\\infra\\db\\mongodb\\helpers\\mogo-helper.ts","statementMap":{"0":{"start":{"line":1,"column":0},"end":{"line":1,"column":54}},"1":{"start":{"line":2,"column":0},"end":{"line":2,"column":47}},"2":{"start":{"line":4,"column":13},"end":{"line":35,"column":null}},"3":{"start":{"line":9,"column":4},"end":{"line":9,"column":null}},"4":{"start":{"line":10,"column":4},"end":{"line":10,"column":null}},"5":{"start":{"line":11,"column":4},"end":{"line":11,"column":null}},"6":{"start":{"line":15,"column":4},"end":{"line":19,"column":5}},"7":{"start":{"line":16,"column":6},"end":{"line":16,"column":null}},"8":{"start":{"line":17,"column":6},"end":{"line":17,"column":null}},"9":{"start":{"line":18,"column":6},"end":{"line":18,"column":null}},"10":{"start":{"line":23,"column":4},"end":{"line":27,"column":5}},"11":{"start":{"line":24,"column":6},"end":{"line":24,"column":null}},"12":{"start":{"line":24,"column":21},"end":{"line":24,"column":null}},"13":{"start":{"line":25,"column":6},"end":{"line":25,"column":null}},"14":{"start":{"line":26,"column":6},"end":{"line":26,"column":null}},"15":{"start":{"line":28,"column":4},"end":{"line":28,"column":null}},"16":{"start":{"line":32,"column":41},"end":{"line":32,"column":51}},"17":{"start":{"line":33,"column":4},"end":{"line":33,"column":null}}},"fnMap":{"0":{"name":"(anonymous_0)","decl":{"start":{"line":8,"column":2},"end":{"line":8,"column":7}},"loc":{"start":{"line":8,"column":28},"end":{"line":12,"column":3}}},"1":{"name":"(anonymous_1)","decl":{"start":{"line":14,"column":2},"end":{"line":14,"column":7}},"loc":{"start":{"line":14,"column":18},"end":{"line":20,"column":3}}},"2":{"name":"(anonymous_2)","decl":{"start":{"line":22,"column":2},"end":{"line":22,"column":7}},"loc":{"start":{"line":22,"column":35},"end":{"line":29,"column":3}}},"3":{"name":"(anonymous_3)","decl":{"start":{"line":31,"column":2},"end":{"line":31,"column":5}},"loc":{"start":{"line":31,"column":22},"end":{"line":34,"column":3}}}},"branchMap":{"0":{"loc":{"start":{"line":15,"column":4},"end":{"line":19,"column":5}},"type":"if","locations":[{"start":{"line":15,"column":4},"end":{"line":19,"column":5}}]},"1":{"loc":{"start":{"line":23,"column":4},"end":{"line":27,"column":5}},"type":"if","locations":[{"start":{"line":23,"column":4},"end":{"line":27,"column":5}}]},"2":{"loc":{"start":{"line":24,"column":6},"end":{"line":24,"column":null}},"type":"if","locations":[{"start":{"line":24,"column":6},"end":{"line":24,"column":null}}]}},"s":{"0":7,"1":7,"2":7,"3":4,"4":4,"5":4,"6":4,"7":4,"8":4,"9":4,"10":18,"11":0,"12":0,"13":0,"14":0,"15":18,"16":4,"17":4},"f":{"0":4,"1":4,"2":18,"3":4},"b":{"0":[4],"1":[0],"2":[0]}}
,"C:\\Users\\thais\\Desktop\\Pastas\\maguinho-udemy\\api-forms\\src\\infra\\db\\mongodb\\log-repository\\log-mongo-repository.ts": {"path":"C:\\Users\\thais\\Desktop\\Pastas\\maguinho-udemy\\api-forms\\src\\infra\\db\\mongodb\\log-repository\\log-mongo-repository.ts","statementMap":{"0":{"start":{"line":2,"column":0},"end":{"line":2,"column":52}},"1":{"start":{"line":6,"column":28},"end":{"line":6,"column":69}},"2":{"start":{"line":7,"column":4},"end":{"line":10,"column":null}},"3":{"start":{"line":4,"column":0},"end":{"line":4,"column":13}}},"fnMap":{"0":{"name":"(anonymous_0)","decl":{"start":{"line":5,"column":2},"end":{"line":5,"column":7}},"loc":{"start":{"line":5,"column":26},"end":{"line":11,"column":3}}}},"branchMap":{},"s":{"0":5,"1":1,"2":1,"3":5},"f":{"0":1},"b":{}}
,"C:\\Users\\thais\\Desktop\\Pastas\\maguinho-udemy\\api-forms\\src\\presentation\\controllers\\login\\login-controller-protocols.ts": {"path":"C:\\Users\\thais\\Desktop\\Pastas\\maguinho-udemy\\api-forms\\src\\presentation\\controllers\\login\\login-controller-protocols.ts","statementMap":{"0":{"start":{"line":1,"column":0},"end":{"line":1,"column":31}},"1":{"start":{"line":2,"column":0},"end":{"line":2,"column":55}}},"fnMap":{},"branchMap":{},"s":{"0":0,"1":0},"f":{},"b":{}}
,"C:\\Users\\thais\\Desktop\\Pastas\\maguinho-udemy\\api-forms\\src\\presentation\\controllers\\login\\login-controller.ts": {"path":"C:\\Users\\thais\\Desktop\\Pastas\\maguinho-udemy\\api-forms\\src\\presentation\\controllers\\login\\login-controller.ts","statementMap":{"0":{"start":{"line":1,"column":0},"end":{"line":1,"column":90}},"1":{"start":{"line":7,"column":21},"end":{"line":7,"column":51}},"2":{"start":{"line":8,"column":21},"end":{"line":8,"column":43}},"3":{"start":{"line":12,"column":4},"end":{"line":25,"column":5}},"4":{"start":{"line":13,"column":30},"end":{"line":13,"column":72}},"5":{"start":{"line":14,"column":6},"end":{"line":16,"column":7}},"6":{"start":{"line":15,"column":8},"end":{"line":15,"column":null}},"7":{"start":{"line":18,"column":34},"end":{"line":18,"column":50}},"8":{"start":{"line":19,"column":26},"end":{"line":19,"column":77}},"9":{"start":{"line":20,"column":6},"end":{"line":20,"column":null}},"10":{"start":{"line":20,"column":24},"end":{"line":20,"column":null}},"11":{"start":{"line":22,"column":6},"end":{"line":22,"column":null}},"12":{"start":{"line":24,"column":6},"end":{"line":24,"column":null}},"13":{"start":{"line":5,"column":0},"end":{"line":5,"column":13}}},"fnMap":{"0":{"name":"(anonymous_0)","decl":{"start":{"line":6,"column":2},"end":{"line":6,"column":null}},"loc":{"start":{"line":8,"column":43},"end":{"line":9,"column":6}}},"1":{"name":"(anonymous_1)","decl":{"start":{"line":11,"column":2},"end":{"line":11,"column":7}},"loc":{"start":{"line":11,"column":40},"end":{"line":26,"column":3}}}},"branchMap":{"0":{"loc":{"start":{"line":14,"column":6},"end":{"line":16,"column":7}},"type":"if","locations":[{"start":{"line":14,"column":6},"end":{"line":16,"column":7}}]},"1":{"loc":{"start":{"line":20,"column":6},"end":{"line":20,"column":null}},"type":"if","locations":[{"start":{"line":20,"column":6},"end":{"line":20,"column":null}}]}},"s":{"0":5,"1":10,"2":10,"3":8,"4":8,"5":8,"6":1,"7":7,"8":7,"9":6,"10":2,"11":4,"12":1,"13":5},"f":{"0":10,"1":8},"b":{"0":[1],"1":[2]}}
,"C:\\Users\\thais\\Desktop\\Pastas\\maguinho-udemy\\api-forms\\src\\presentation\\controllers\\signup\\signup-controller-protocols.ts": {"path":"C:\\Users\\thais\\Desktop\\Pastas\\maguinho-udemy\\api-forms\\src\\presentation\\controllers\\signup\\signup-controller-protocols.ts","statementMap":{"0":{"start":{"line":1,"column":0},"end":{"line":1,"column":31}},"1":{"start":{"line":2,"column":0},"end":{"line":2,"column":46}},"2":{"start":{"line":3,"column":0},"end":{"line":3,"column":52}},"3":{"start":{"line":4,"column":0},"end":{"line":4,"column":42}}},"fnMap":{},"branchMap":{},"s":{"0":0,"1":0,"2":0,"3":0},"f":{},"b":{}}
,"C:\\Users\\thais\\Desktop\\Pastas\\maguinho-udemy\\api-forms\\src\\presentation\\controllers\\signup\\signup-controller.ts": {"path":"C:\\Users\\thais\\Desktop\\Pastas\\maguinho-udemy\\api-forms\\src\\presentation\\controllers\\signup\\signup-controller.ts","statementMap":{"0":{"start":{"line":1,"column":0},"end":{"line":1,"column":76}},"1":{"start":{"line":6,"column":21},"end":{"line":6,"column":43}},"2":{"start":{"line":7,"column":21},"end":{"line":7,"column":43}},"3":{"start":{"line":11,"column":4},"end":{"line":26,"column":5}},"4":{"start":{"line":12,"column":30},"end":{"line":12,"column":72}},"5":{"start":{"line":13,"column":6},"end":{"line":15,"column":7}},"6":{"start":{"line":14,"column":8},"end":{"line":14,"column":null}},"7":{"start":{"line":17,"column":40},"end":{"line":17,"column":56}},"8":{"start":{"line":19,"column":22},"end":{"line":21,"column":8}},"9":{"start":{"line":23,"column":6},"end":{"line":23,"column":null}},"10":{"start":{"line":25,"column":6},"end":{"line":25,"column":null}},"11":{"start":{"line":4,"column":0},"end":{"line":4,"column":13}}},"fnMap":{"0":{"name":"(anonymous_0)","decl":{"start":{"line":5,"column":2},"end":{"line":5,"column":null}},"loc":{"start":{"line":7,"column":43},"end":{"line":8,"column":6}}},"1":{"name":"(anonymous_1)","decl":{"start":{"line":10,"column":2},"end":{"line":10,"column":7}},"loc":{"start":{"line":10,"column":40},"end":{"line":27,"column":3}}}},"branchMap":{"0":{"loc":{"start":{"line":13,"column":6},"end":{"line":15,"column":7}},"type":"if","locations":[{"start":{"line":13,"column":6},"end":{"line":15,"column":7}}]}},"s":{"0":5,"1":9,"2":9,"3":6,"4":6,"5":6,"6":1,"7":5,"8":5,"9":4,"10":1,"11":5},"f":{"0":9,"1":6},"b":{"0":[1]}}
,"C:\\Users\\thais\\Desktop\\Pastas\\maguinho-udemy\\api-forms\\src\\presentation\\errors\\index.ts": {"path":"C:\\Users\\thais\\Desktop\\Pastas\\maguinho-udemy\\api-forms\\src\\presentation\\errors\\index.ts","statementMap":{"0":{"start":{"line":1,"column":0},"end":{"line":1,"column":37}},"1":{"start":{"line":2,"column":0},"end":{"line":2,"column":37}},"2":{"start":{"line":3,"column":0},"end":{"line":3,"column":30}}},"fnMap":{},"branchMap":{},"s":{"0":12,"1":12,"2":12},"f":{},"b":{}}
,"C:\\Users\\thais\\Desktop\\Pastas\\maguinho-udemy\\api-forms\\src\\presentation\\errors\\invalid-param-error.ts": {"path":"C:\\Users\\thais\\Desktop\\Pastas\\maguinho-udemy\\api-forms\\src\\presentation\\errors\\invalid-param-error.ts","statementMap":{"0":{"start":{"line":3,"column":4},"end":{"line":3,"column":null}},"1":{"start":{"line":4,"column":4},"end":{"line":4,"column":null}},"2":{"start":{"line":1,"column":0},"end":{"line":1,"column":13}}},"fnMap":{"0":{"name":"(anonymous_0)","decl":{"start":{"line":2,"column":2},"end":{"line":2,"column":15}},"loc":{"start":{"line":2,"column":32},"end":{"line":5,"column":3}}}},"branchMap":{},"s":{"0":3,"1":3,"2":12},"f":{"0":3},"b":{}}
,"C:\\Users\\thais\\Desktop\\Pastas\\maguinho-udemy\\api-forms\\src\\presentation\\errors\\missing-param-error.ts": {"path":"C:\\Users\\thais\\Desktop\\Pastas\\maguinho-udemy\\api-forms\\src\\presentation\\errors\\missing-param-error.ts","statementMap":{"0":{"start":{"line":3,"column":4},"end":{"line":3,"column":null}},"1":{"start":{"line":4,"column":4},"end":{"line":4,"column":null}},"2":{"start":{"line":1,"column":0},"end":{"line":1,"column":13}}},"fnMap":{"0":{"name":"(anonymous_0)","decl":{"start":{"line":2,"column":2},"end":{"line":2,"column":15}},"loc":{"start":{"line":2,"column":32},"end":{"line":5,"column":3}}}},"branchMap":{},"s":{"0":6,"1":6,"2":12},"f":{"0":6},"b":{}}
,"C:\\Users\\thais\\Desktop\\Pastas\\maguinho-udemy\\api-forms\\src\\presentation\\errors\\server-error.ts": {"path":"C:\\Users\\thais\\Desktop\\Pastas\\maguinho-udemy\\api-forms\\src\\presentation\\errors\\server-error.ts","statementMap":{"0":{"start":{"line":3,"column":4},"end":{"line":3,"column":null}},"1":{"start":{"line":4,"column":4},"end":{"line":4,"column":null}},"2":{"start":{"line":5,"column":4},"end":{"line":5,"column":null}},"3":{"start":{"line":1,"column":0},"end":{"line":1,"column":13}}},"fnMap":{"0":{"name":"(anonymous_0)","decl":{"start":{"line":2,"column":2},"end":{"line":2,"column":15}},"loc":{"start":{"line":2,"column":28},"end":{"line":6,"column":3}}}},"branchMap":{},"s":{"0":3,"1":3,"2":3,"3":13},"f":{"0":3},"b":{}}
,"C:\\Users\\thais\\Desktop\\Pastas\\maguinho-udemy\\api-forms\\src\\presentation\\errors\\unauthorized-error.ts": {"path":"C:\\Users\\thais\\Desktop\\Pastas\\maguinho-udemy\\api-forms\\src\\presentation\\errors\\unauthorized-error.ts","statementMap":{"0":{"start":{"line":3,"column":4},"end":{"line":3,"column":null}},"1":{"start":{"line":4,"column":4},"end":{"line":4,"column":null}},"2":{"start":{"line":1,"column":0},"end":{"line":1,"column":13}}},"fnMap":{"0":{"name":"(anonymous_0)","decl":{"start":{"line":2,"column":2},"end":{"line":2,"column":null}},"loc":{"start":{"line":2,"column":2},"end":{"line":5,"column":3}}}},"branchMap":{},"s":{"0":3,"1":3,"2":7},"f":{"0":3},"b":{}}
,"C:\\Users\\thais\\Desktop\\Pastas\\maguinho-udemy\\api-forms\\src\\presentation\\helpers\\http\\http-helper.ts": {"path":"C:\\Users\\thais\\Desktop\\Pastas\\maguinho-udemy\\api-forms\\src\\presentation\\helpers\\http\\http-helper.ts","statementMap":{"0":{"start":{"line":1,"column":0},"end":{"line":1,"column":55}},"1":{"start":{"line":2,"column":0},"end":{"line":2,"column":67}},"2":{"start":{"line":5,"column":26},"end":{"line":10,"column":1}},"3":{"start":{"line":6,"column":2},"end":{"line":9,"column":null}},"4":{"start":{"line":5,"column":13},"end":{"line":5,"column":26}},"5":{"start":{"line":12,"column":28},"end":{"line":17,"column":1}},"6":{"start":{"line":13,"column":2},"end":{"line":16,"column":null}},"7":{"start":{"line":12,"column":13},"end":{"line":12,"column":28}},"8":{"start":{"line":19,"column":27},"end":{"line":24,"column":1}},"9":{"start":{"line":20,"column":2},"end":{"line":23,"column":null}},"10":{"start":{"line":19,"column":13},"end":{"line":19,"column":27}},"11":{"start":{"line":26,"column":18},"end":{"line":31,"column":1}},"12":{"start":{"line":27,"column":2},"end":{"line":30,"column":null}},"13":{"start":{"line":26,"column":13},"end":{"line":26,"column":18}}},"fnMap":{"0":{"name":"(anonymous_0)","decl":{"start":{"line":5,"column":26},"end":{"line":5,"column":27}},"loc":{"start":{"line":5,"column":57},"end":{"line":10,"column":1}}},"1":{"name":"(anonymous_1)","decl":{"start":{"line":12,"column":28},"end":{"line":12,"column":45}},"loc":{"start":{"line":12,"column":47},"end":{"line":17,"column":1}}},"2":{"name":"(anonymous_2)","decl":{"start":{"line":19,"column":27},"end":{"line":19,"column":28}},"loc":{"start":{"line":19,"column":58},"end":{"line":24,"column":1}}},"3":{"name":"(anonymous_3)","decl":{"start":{"line":26,"column":18},"end":{"line":26,"column":19}},"loc":{"start":{"line":26,"column":46},"end":{"line":31,"column":1}}}},"branchMap":{"0":{"loc":{"start":{"line":22,"column":26},"end":{"line":22,"column":43}},"type":"binary-expr","locations":[{"start":{"line":22,"column":26},"end":{"line":22,"column":37}},{"start":{"line":22,"column":41},"end":{"line":22,"column":43}}]}},"s":{"0":7,"1":7,"2":7,"3":4,"4":7,"5":7,"6":3,"7":7,"8":7,"9":3,"10":7,"11":7,"12":9,"13":7},"f":{"0":4,"1":3,"2":3,"3":9},"b":{"0":[3,0]}}
,"C:\\Users\\thais\\Desktop\\Pastas\\maguinho-udemy\\api-forms\\src\\presentation\\helpers\\validators\\compare-fields-validation.ts": {"path":"C:\\Users\\thais\\Desktop\\Pastas\\maguinho-udemy\\api-forms\\src\\presentation\\helpers\\validators\\compare-fields-validation.ts","statementMap":{"0":{"start":{"line":1,"column":0},"end":{"line":1,"column":48}},"1":{"start":{"line":6,"column":21},"end":{"line":6,"column":38}},"2":{"start":{"line":7,"column":21},"end":{"line":7,"column":47}},"3":{"start":{"line":11,"column":4},"end":{"line":13,"column":5}},"4":{"start":{"line":12,"column":6},"end":{"line":12,"column":null}},"5":{"start":{"line":14,"column":4},"end":{"line":14,"column":null}},"6":{"start":{"line":4,"column":0},"end":{"line":4,"column":13}}},"fnMap":{"0":{"name":"(anonymous_0)","decl":{"start":{"line":5,"column":2},"end":{"line":5,"column":null}},"loc":{"start":{"line":7,"column":47},"end":{"line":8,"column":6}}},"1":{"name":"(anonymous_1)","decl":{"start":{"line":10,"column":2},"end":{"line":10,"column":10}},"loc":{"start":{"line":10,"column":22},"end":{"line":15,"column":3}}}},"branchMap":{"0":{"loc":{"start":{"line":11,"column":4},"end":{"line":13,"column":5}},"type":"if","locations":[{"start":{"line":11,"column":4},"end":{"line":13,"column":5}}]}},"s":{"0":7,"1":8,"2":8,"3":3,"4":1,"5":2,"6":7},"f":{"0":8,"1":3},"b":{"0":[1]}}
,"C:\\Users\\thais\\Desktop\\Pastas\\maguinho-udemy\\api-forms\\src\\presentation\\helpers\\validators\\email-validation.ts": {"path":"C:\\Users\\thais\\Desktop\\Pastas\\maguinho-udemy\\api-forms\\src\\presentation\\helpers\\validators\\email-validation.ts","statementMap":{"0":{"start":{"line":1,"column":0},"end":{"line":1,"column":48}},"1":{"start":{"line":7,"column":21},"end":{"line":7,"column":38}},"2":{"start":{"line":8,"column":21},"end":{"line":8,"column":51}},"3":{"start":{"line":12,"column":20},"end":{"line":12,"column":70}},"4":{"start":{"line":13,"column":4},"end":{"line":15,"column":5}},"5":{"start":{"line":14,"column":6},"end":{"line":14,"column":null}},"6":{"start":{"line":16,"column":4},"end":{"line":16,"column":null}},"7":{"start":{"line":5,"column":0},"end":{"line":5,"column":13}}},"fnMap":{"0":{"name":"(anonymous_0)","decl":{"start":{"line":6,"column":2},"end":{"line":6,"column":null}},"loc":{"start":{"line":8,"column":51},"end":{"line":9,"column":6}}},"1":{"name":"(anonymous_1)","decl":{"start":{"line":11,"column":2},"end":{"line":11,"column":10}},"loc":{"start":{"line":11,"column":22},"end":{"line":17,"column":3}}}},"branchMap":{"0":{"loc":{"start":{"line":13,"column":4},"end":{"line":15,"column":5}},"type":"if","locations":[{"start":{"line":13,"column":4},"end":{"line":15,"column":5}}]}},"s":{"0":7,"1":15,"2":15,"3":6,"4":5,"5":0,"6":5,"7":7},"f":{"0":15,"1":6},"b":{"0":[0]}}
,"C:\\Users\\thais\\Desktop\\Pastas\\maguinho-udemy\\api-forms\\src\\presentation\\helpers\\validators\\index.ts": {"path":"C:\\Users\\thais\\Desktop\\Pastas\\maguinho-udemy\\api-forms\\src\\presentation\\helpers\\validators\\index.ts","statementMap":{"0":{"start":{"line":1,"column":0},"end":{"line":1,"column":43}},"1":{"start":{"line":2,"column":0},"end":{"line":2,"column":34}},"2":{"start":{"line":3,"column":0},"end":{"line":3,"column":43}},"3":{"start":{"line":4,"column":0},"end":{"line":4,"column":38}}},"fnMap":{},"branchMap":{},"s":{"0":6,"1":6,"2":6,"3":6},"f":{},"b":{}}
,"C:\\Users\\thais\\Desktop\\Pastas\\maguinho-udemy\\api-forms\\src\\presentation\\helpers\\validators\\required-field-validation.ts": {"path":"C:\\Users\\thais\\Desktop\\Pastas\\maguinho-udemy\\api-forms\\src\\presentation\\helpers\\validators\\required-field-validation.ts","statementMap":{"0":{"start":{"line":1,"column":0},"end":{"line":1,"column":48}},"1":{"start":{"line":5,"column":32},"end":{"line":5,"column":49}},"2":{"start":{"line":8,"column":4},"end":{"line":10,"column":5}},"3":{"start":{"line":9,"column":6},"end":{"line":9,"column":null}},"4":{"start":{"line":11,"column":4},"end":{"line":11,"column":null}},"5":{"start":{"line":4,"column":0},"end":{"line":4,"column":13}}},"fnMap":{"0":{"name":"(anonymous_0)","decl":{"start":{"line":5,"column":2},"end":{"line":5,"column":32}},"loc":{"start":{"line":5,"column":49},"end":{"line":5,"column":53}}},"1":{"name":"(anonymous_1)","decl":{"start":{"line":7,"column":2},"end":{"line":7,"column":10}},"loc":{"start":{"line":7,"column":22},"end":{"line":12,"column":3}}}},"branchMap":{"0":{"loc":{"start":{"line":8,"column":4},"end":{"line":10,"column":5}},"type":"if","locations":[{"start":{"line":8,"column":4},"end":{"line":10,"column":5}}]}},"s":{"0":7,"1":38,"2":10,"3":1,"4":9,"5":7},"f":{"0":38,"1":10},"b":{"0":[1]}}
,"C:\\Users\\thais\\Desktop\\Pastas\\maguinho-udemy\\api-forms\\src\\presentation\\helpers\\validators\\validation-composite.ts": {"path":"C:\\Users\\thais\\Desktop\\Pastas\\maguinho-udemy\\api-forms\\src\\presentation\\helpers\\validators\\validation-composite.ts","statementMap":{"0":{"start":{"line":4,"column":32},"end":{"line":4,"column":57}},"1":{"start":{"line":7,"column":4},"end":{"line":12,"column":5}},"2":{"start":{"line":8,"column":20},"end":{"line":8,"column":46}},"3":{"start":{"line":9,"column":6},"end":{"line":11,"column":7}},"4":{"start":{"line":10,"column":8},"end":{"line":10,"column":null}},"5":{"start":{"line":13,"column":4},"end":{"line":13,"column":null}},"6":{"start":{"line":3,"column":0},"end":{"line":3,"column":13}}},"fnMap":{"0":{"name":"(anonymous_0)","decl":{"start":{"line":4,"column":2},"end":{"line":4,"column":32}},"loc":{"start":{"line":4,"column":57},"end":{"line":4,"column":61}}},"1":{"name":"(anonymous_1)","decl":{"start":{"line":6,"column":2},"end":{"line":6,"column":10}},"loc":{"start":{"line":6,"column":22},"end":{"line":14,"column":3}}}},"branchMap":{"0":{"loc":{"start":{"line":9,"column":6},"end":{"line":11,"column":7}},"type":"if","locations":[{"start":{"line":9,"column":6},"end":{"line":11,"column":7}}]}},"s":{"0":11,"1":6,"2":16,"3":16,"4":2,"5":4,"6":7},"f":{"0":11,"1":6},"b":{"0":[2]}}
,"C:\\Users\\thais\\Desktop\\Pastas\\maguinho-udemy\\api-forms\\src\\presentation\\protocols\\index.ts": {"path":"C:\\Users\\thais\\Desktop\\Pastas\\maguinho-udemy\\api-forms\\src\\presentation\\protocols\\index.ts","statementMap":{"0":{"start":{"line":1,"column":0},"end":{"line":1,"column":28}},"1":{"start":{"line":2,"column":0},"end":{"line":2,"column":22}}},"fnMap":{},"branchMap":{},"s":{"0":0,"1":0},"f":{},"b":{}}
,"C:\\Users\\thais\\Desktop\\Pastas\\maguinho-udemy\\api-forms\\src\\utils\\email-validator-adapter.ts": {"path":"C:\\Users\\thais\\Desktop\\Pastas\\maguinho-udemy\\api-forms\\src\\utils\\email-validator-adapter.ts","statementMap":{"0":{"start":{"line":1,"column":0},"end":{"line":1,"column":33}},"1":{"start":{"line":6,"column":4},"end":{"line":6,"column":null}},"2":{"start":{"line":4,"column":0},"end":{"line":4,"column":13}}},"fnMap":{"0":{"name":"(anonymous_1)","decl":{"start":{"line":5,"column":2},"end":{"line":5,"column":9}},"loc":{"start":{"line":5,"column":24},"end":{"line":7,"column":3}}}},"branchMap":{},"s":{"0":7,"1":6,"2":7},"f":{"0":6},"b":{}}
}
