TN:
SF:src\data\usecases\add-account\db-add-account-protocols.ts
FNF:0
FNH:0
DA:1,0
DA:2,0
DA:3,0
DA:4,0
LF:4
LH:0
BRF:0
BRH:0
end_of_record
TN:
SF:src\data\usecases\add-account\db-add-account.ts
FN:4,(anonymous_0)
FN:9,(anonymous_1)
FNF:2
FNH:2
FNDA:9,(anonymous_0)
FNDA:6,(anonymous_1)
DA:3,5
DA:5,9
DA:6,9
DA:10,6
DA:11,5
LF:5
LH:5
BRF:0
BRH:0
end_of_record
TN:
SF:src\data\usecases\authentication\db-authenticate-protocols.ts
FNF:0
FNH:0
DA:1,0
DA:2,0
DA:3,0
DA:4,0
DA:5,0
DA:6,0
DA:7,0
DA:8,0
LF:8
LH:0
BRF:0
BRH:0
end_of_record
TN:
SF:src\data\usecases\authentication\db-authentication.ts
FN:4,(anonymous_0)
FN:11,(anonymous_1)
FNF:2
FNH:2
FNDA:15,(anonymous_0)
FNDA:13,(anonymous_1)
DA:3,5
DA:5,15
DA:6,15
DA:7,15
DA:8,15
DA:12,13
DA:13,12
DA:14,10
DA:15,9
DA:16,8
DA:17,7
DA:18,6
DA:21,3
LF:13
LH:13
BRDA:13,0,0,10
BRDA:15,1,0,8
BRF:2
BRH:2
end_of_record
TN:
SF:src\infra\criptography\bcrypt-adapter\bcrypt-adapter.ts
FN:6,(anonymous_1)
FN:8,(anonymous_2)
FN:12,(anonymous_3)
FNF:3
FNH:3
FNDA:14,(anonymous_1)
FNDA:4,(anonymous_2)
FNDA:4,(anonymous_3)
DA:3,5
DA:5,5
DA:6,14
DA:9,4
DA:13,4
LF:5
LH:5
BRF:0
BRH:0
end_of_record
TN:
SF:src\infra\criptography\jwt-adapter\jwt-adapter.ts
FN:5,(anonymous_1)
FN:7,(anonymous_2)
FNF:2
FNH:2
FNDA:7,(anonymous_1)
FNDA:4,(anonymous_2)
DA:2,5
DA:4,5
DA:5,7
DA:8,4
DA:9,4
LF:5
LH:5
BRF:0
BRH:0
end_of_record
TN:
SF:src\infra\db\mongodb\account-repository\account-mongo-repository.ts
FN:11,(anonymous_0)
FN:20,(anonymous_1)
FN:26,(anonymous_2)
FNF:3
FNH:3
FNDA:2,(anonymous_0)
FNDA:4,(anonymous_1)
FNDA:2,(anonymous_2)
DA:6,5
DA:7,5
DA:8,5
DA:10,5
DA:12,2
DA:13,2
DA:14,2
DA:15,2
DA:17,0
DA:21,4
DA:22,4
DA:23,4
DA:27,2
DA:28,2
DA:29,2
LF:15
LH:14
BRDA:14,0,0,2
BRDA:23,1,0,4
BRDA:23,1,1,2
BRF:3
BRH:3
end_of_record
TN:
SF:src\infra\db\mongodb\errors\index.ts
FNF:0
FNH:0
DA:1,7
DA:2,7
LF:2
LH:2
BRF:0
BRH:0
end_of_record
TN:
SF:src\infra\db\mongodb\errors\insert-error.ts
FN:2,(anonymous_0)
FNF:1
FNH:0
FNDA:0,(anonymous_0)
DA:1,7
DA:3,0
DA:4,0
LF:3
LH:1
BRF:0
BRH:0
end_of_record
TN:
SF:src\infra\db\mongodb\errors\no-mongodb-connection.ts
FN:2,(anonymous_0)
FNF:1
FNH:0
FNDA:0,(anonymous_0)
DA:1,7
DA:3,0
DA:4,0
LF:3
LH:1
BRF:0
BRH:0
end_of_record
TN:
SF:src\infra\db\mongodb\helpers\mogo-helper.ts
FN:8,(anonymous_0)
FN:14,(anonymous_1)
FN:22,(anonymous_2)
FN:31,(anonymous_3)
FNF:4
FNH:4
FNDA:4,(anonymous_0)
FNDA:4,(anonymous_1)
FNDA:18,(anonymous_2)
FNDA:4,(anonymous_3)
DA:1,7
DA:2,7
DA:4,7
DA:9,4
DA:10,4
DA:11,4
DA:15,4
DA:16,4
DA:17,4
DA:18,4
DA:23,18
DA:24,0
DA:25,0
DA:26,0
DA:28,18
DA:32,4
DA:33,4
LF:17
LH:14
BRDA:15,0,0,4
BRDA:23,1,0,0
BRDA:24,2,0,0
BRF:3
BRH:1
end_of_record
TN:
SF:src\infra\db\mongodb\log-repository\log-mongo-repository.ts
FN:5,(anonymous_0)
FNF:1
FNH:1
FNDA:1,(anonymous_0)
DA:2,5
DA:4,5
DA:6,1
DA:7,1
LF:4
LH:4
BRF:0
BRH:0
end_of_record
TN:
SF:src\presentation\controllers\login\login-controller-protocols.ts
FNF:0
FNH:0
DA:1,0
DA:2,0
LF:2
LH:0
BRF:0
BRH:0
end_of_record
TN:
SF:src\presentation\controllers\login\login-controller.ts
FN:6,(anonymous_0)
FN:11,(anonymous_1)
FNF:2
FNH:2
FNDA:10,(anonymous_0)
FNDA:8,(anonymous_1)
DA:1,5
DA:5,5
DA:7,10
DA:8,10
DA:12,8
DA:13,8
DA:14,8
DA:15,1
DA:18,7
DA:19,7
DA:20,6
DA:22,4
DA:24,1
LF:13
LH:13
BRDA:14,0,0,1
BRDA:20,1,0,2
BRF:2
BRH:2
end_of_record
TN:
SF:src\presentation\controllers\signup\signup-controller-protocols.ts
FNF:0
FNH:0
DA:1,0
DA:2,0
DA:3,0
DA:4,0
LF:4
LH:0
BRF:0
BRH:0
end_of_record
TN:
SF:src\presentation\controllers\signup\signup-controller.ts
FN:5,(anonymous_0)
FN:10,(anonymous_1)
FNF:2
FNH:2
FNDA:9,(anonymous_0)
FNDA:6,(anonymous_1)
DA:1,5
DA:4,5
DA:6,9
DA:7,9
DA:11,6
DA:12,6
DA:13,6
DA:14,1
DA:17,5
DA:19,5
DA:23,4
DA:25,1
LF:12
LH:12
BRDA:13,0,0,1
BRF:1
BRH:1
end_of_record
TN:
SF:src\presentation\errors\index.ts
FNF:0
FNH:0
DA:1,12
DA:2,12
DA:3,12
LF:3
LH:3
BRF:0
BRH:0
end_of_record
TN:
SF:src\presentation\errors\invalid-param-error.ts
FN:2,(anonymous_0)
FNF:1
FNH:1
FNDA:3,(anonymous_0)
DA:1,12
DA:3,3
DA:4,3
LF:3
LH:3
BRF:0
BRH:0
end_of_record
TN:
SF:src\presentation\errors\missing-param-error.ts
FN:2,(anonymous_0)
FNF:1
FNH:1
FNDA:6,(anonymous_0)
DA:1,12
DA:3,6
DA:4,6
LF:3
LH:3
BRF:0
BRH:0
end_of_record
TN:
SF:src\presentation\errors\server-error.ts
FN:2,(anonymous_0)
FNF:1
FNH:1
FNDA:3,(anonymous_0)
DA:1,13
DA:3,3
DA:4,3
DA:5,3
LF:4
LH:4
BRF:0
BRH:0
end_of_record
TN:
SF:src\presentation\errors\unauthorized-error.ts
FN:2,(anonymous_0)
FNF:1
FNH:1
FNDA:3,(anonymous_0)
DA:1,7
DA:3,3
DA:4,3
LF:3
LH:3
BRF:0
BRH:0
end_of_record
TN:
SF:src\presentation\helpers\http\http-helper.ts
FN:5,(anonymous_0)
FN:12,(anonymous_1)
FN:19,(anonymous_2)
FN:26,(anonymous_3)
FNF:4
FNH:4
FNDA:4,(anonymous_0)
FNDA:3,(anonymous_1)
FNDA:3,(anonymous_2)
FNDA:9,(anonymous_3)
DA:1,7
DA:2,7
DA:5,7
DA:6,4
DA:12,7
DA:13,3
DA:19,7
DA:20,3
DA:26,7
DA:27,9
LF:10
LH:10
BRDA:22,0,0,3
BRDA:22,0,1,0
BRF:2
BRH:1
end_of_record
TN:
SF:src\presentation\helpers\validators\compare-fields-validation.ts
FN:5,(anonymous_0)
FN:10,(anonymous_1)
FNF:2
FNH:2
FNDA:8,(anonymous_0)
FNDA:3,(anonymous_1)
DA:1,7
DA:4,7
DA:6,8
DA:7,8
DA:11,3
DA:12,1
DA:14,2
LF:7
LH:7
BRDA:11,0,0,1
BRF:1
BRH:1
end_of_record
TN:
SF:src\presentation\helpers\validators\email-validation.ts
FN:6,(anonymous_0)
FN:11,(anonymous_1)
FNF:2
FNH:2
FNDA:15,(anonymous_0)
FNDA:6,(anonymous_1)
DA:1,7
DA:5,7
DA:7,15
DA:8,15
DA:12,6
DA:13,5
DA:14,0
DA:16,5
LF:8
LH:7
BRDA:13,0,0,0
BRF:1
BRH:0
end_of_record
TN:
SF:src\presentation\helpers\validators\index.ts
FNF:0
FNH:0
DA:1,6
DA:2,6
DA:3,6
DA:4,6
LF:4
LH:4
BRF:0
BRH:0
end_of_record
TN:
SF:src\presentation\helpers\validators\required-field-validation.ts
FN:5,(anonymous_0)
FN:7,(anonymous_1)
FNF:2
FNH:2
FNDA:38,(anonymous_0)
FNDA:10,(anonymous_1)
DA:1,7
DA:4,7
DA:5,38
DA:8,10
DA:9,1
DA:11,9
LF:6
LH:6
BRDA:8,0,0,1
BRF:1
BRH:1
end_of_record
TN:
SF:src\presentation\helpers\validators\validation-composite.ts
FN:4,(anonymous_0)
FN:6,(anonymous_1)
FNF:2
FNH:2
FNDA:11,(anonymous_0)
FNDA:6,(anonymous_1)
DA:3,7
DA:4,11
DA:7,6
DA:8,16
DA:9,16
DA:10,2
DA:13,4
LF:7
LH:7
BRDA:9,0,0,2
BRF:1
BRH:1
end_of_record
TN:
SF:src\presentation\protocols\index.ts
FNF:0
FNH:0
DA:1,0
DA:2,0
LF:2
LH:0
BRF:0
BRH:0
end_of_record
TN:
SF:src\utils\email-validator-adapter.ts
FN:5,(anonymous_1)
FNF:1
FNH:1
FNDA:6,(anonymous_1)
DA:1,7
DA:4,7
DA:6,6
LF:3
LH:3
BRF:0
BRH:0
end_of_record
